<?xml version="1.0" encoding="UTF-8"?>
<!-- Generated by org.testng.reporters.JUnitReportReporter -->
<testsuite skipped="0" hostname="iuniadmins-MacBook-Pro.local" name="RestAssuredAutomation.RestAssuredAutomation.AppTest" tests="1" failures="0" timestamp="03 Nov 2018 03:34:11 GMT" time="3.059" errors="0">
  <testcase name="firstTest" time="3.059" classname="RestAssuredAutomation.RestAssuredAutomation.AppTest"/>
</testsuite> <!-- RestAssuredAutomation.RestAssuredAutomation.AppTest -->
